#! /usr/bin/vvp
:ivl_version "0.9.7 " "(v0_9_7)";
:vpi_time_precision + 0;
:vpi_module "system";
:vpi_module "v2005_math";
:vpi_module "va_math";
S_0x884ab0 .scope module, "semaforo" "semaforo" 2 1;
 .timescale 0 0;
P_0x884ba8 .param/l "amarelo" 2 19, +C4<011>;
P_0x884bd0 .param/l "bot" 2 22, +C4<0110>;
P_0x884bf8 .param/l "dez_mil" 2 24, C4<10011100010000>;
P_0x884c20 .param/l "preAmarelo" 2 18, +C4<010>;
P_0x884c48 .param/l "preVerde" 2 16, +C4<0>;
P_0x884c70 .param/l "preVermelho" 2 20, +C4<0100>;
P_0x884c98 .param/l "quin" 2 25, C4<00000111110100>;
P_0x884cc0 .param/l "verde" 2 17, +C4<01>;
P_0x884ce8 .param/l "vermelho" 2 21, +C4<0101>;
v0x884e00_0 .var "actual", 1 0;
v0x8ac560_0 .net "botao", 0 0, C4<z>; 0 drivers
v0x8ac600_0 .net "clock", 0 0, C4<z>; 0 drivers
v0x8ac6a0_0 .var "count", 14 0;
v0x8ac750_0 .var "estado", 1 0;
v0x8ac7f0_0 .var "flag", 0 0;
v0x8ac8d0_0 .var "next", 1 0;
v0x8ac970_0 .net "reset", 0 0, C4<z>; 0 drivers
E_0x898db0/0 .event edge, v0x884e00_0, v0x8ac560_0, v0x8ac7f0_0, v0x8ac6a0_0;
E_0x898db0/1 .event edge, v0x8ac8d0_0;
E_0x898db0 .event/or E_0x898db0/0, E_0x898db0/1;
E_0x884dd0 .event posedge, v0x8ac970_0, v0x8ac600_0;
    .scope S_0x884ab0;
T_0 ;
    %set/v v0x884e00_0, 0, 2;
    %movi 8, 10000, 15;
    %set/v v0x8ac6a0_0, 8, 15;
    %set/v v0x8ac7f0_0, 1, 1;
    %movi 8, 1, 2;
    %set/v v0x8ac8d0_0, 8, 2;
    %end;
    .thread T_0;
    .scope S_0x884ab0;
T_1 ;
    %wait E_0x884dd0;
    %load/v 8, v0x8ac970_0, 1;
    %jmp/0xz  T_1.0, 8;
    %set/v v0x884e00_0, 0, 2;
    %jmp T_1.1;
T_1.0 ;
    %movi 8, 1, 2;
    %set/v v0x884e00_0, 8, 2;
    %load/v 8, v0x884e00_0, 2;
    %cmpi/u 8, 1, 2;
    %jmp/1 T_1.2, 6;
    %cmpi/u 8, 6, 2;
    %jmp/1 T_1.3, 6;
    %cmpi/u 8, 2, 2;
    %jmp/1 T_1.4, 6;
    %cmpi/u 8, 3, 2;
    %jmp/1 T_1.5, 6;
    %cmpi/u 8, 4, 2;
    %jmp/1 T_1.6, 6;
    %cmpi/u 8, 5, 2;
    %jmp/1 T_1.7, 6;
    %cmpi/u 8, 0, 2;
    %jmp/1 T_1.8, 6;
    %jmp T_1.9;
T_1.2 ;
    %vpi_call 2 46 "$display", "Sinal verde";
    %set/v v0x8ac750_0, 0, 2;
    %load/v 8, v0x8ac6a0_0, 15;
    %mov 23, 0, 17;
    %subi 8, 1, 32;
    %set/v v0x8ac6a0_0, 8, 15;
    %jmp T_1.9;
T_1.3 ;
    %vpi_call 2 51 "$display", "botao pressionado!";
    %load/v 8, v0x8ac6a0_0, 15;
    %ix/load 0, 1, 0;
    %mov 4, 0, 1;
    %shiftl/i0  8, 15;
    %set/v v0x8ac6a0_0, 8, 15;
    %set/v v0x8ac7f0_0, 0, 1;
    %jmp T_1.9;
T_1.4 ;
    %vpi_call 2 56 "$display", "INDO PARA AMARELO";
    %movi 8, 500, 15;
    %set/v v0x8ac6a0_0, 8, 15;
    %jmp T_1.9;
T_1.5 ;
    %vpi_call 2 60 "$display", "Sinal amarelo";
    %load/v 8, v0x8ac6a0_0, 15;
    %mov 23, 0, 17;
    %subi 8, 1, 32;
    %set/v v0x8ac6a0_0, 8, 15;
    %movi 8, 1, 2;
    %set/v v0x8ac750_0, 8, 2;
    %jmp T_1.9;
T_1.6 ;
    %vpi_call 2 65 "$display", "Indo para vermelho";
    %movi 8, 10000, 15;
    %set/v v0x8ac6a0_0, 8, 15;
    %jmp T_1.9;
T_1.7 ;
    %vpi_call 2 69 "$display", "Sinal vermelho";
    %load/v 8, v0x8ac6a0_0, 15;
    %mov 23, 0, 17;
    %subi 8, 1, 32;
    %set/v v0x8ac6a0_0, 8, 15;
    %movi 8, 2, 2;
    %set/v v0x8ac750_0, 8, 2;
    %jmp T_1.9;
T_1.8 ;
    %vpi_call 2 74 "$display", "Indo para verde!";
    %movi 8, 10000, 15;
    %set/v v0x8ac6a0_0, 8, 15;
    %set/v v0x8ac7f0_0, 1, 1;
    %jmp T_1.9;
T_1.9 ;
T_1.1 ;
    %jmp T_1;
    .thread T_1;
    .scope S_0x884ab0;
T_2 ;
    %wait E_0x898db0;
    %load/v 8, v0x884e00_0, 2;
    %cmpi/u 8, 1, 2;
    %jmp/1 T_2.0, 6;
    %cmpi/u 8, 6, 2;
    %jmp/1 T_2.1, 6;
    %cmpi/u 8, 2, 2;
    %jmp/1 T_2.2, 6;
    %cmpi/u 8, 3, 2;
    %jmp/1 T_2.3, 6;
    %cmpi/u 8, 2, 2;
    %jmp/1 T_2.4, 6;
    %cmpi/u 8, 5, 2;
    %jmp/1 T_2.5, 6;
    %jmp T_2.6;
T_2.0 ;
    %load/v 8, v0x8ac560_0, 1;
    %load/v 9, v0x8ac7f0_0, 1;
    %and 8, 9, 1;
    %jmp/0xz  T_2.7, 8;
    %movi 8, 6, 4;
    %set/v v0x8ac8d0_0, 8, 2;
    %jmp T_2.8;
T_2.7 ;
    %load/v 8, v0x8ac6a0_0, 15;
    %mov 23, 0, 1;
    %cmpi/u 8, 0, 16;
    %jmp/0xz  T_2.9, 4;
    %movi 8, 2, 3;
    %set/v v0x8ac8d0_0, 8, 2;
    %jmp T_2.10;
T_2.9 ;
    %movi 8, 1, 2;
    %set/v v0x8ac8d0_0, 8, 2;
T_2.10 ;
T_2.8 ;
    %jmp T_2.6;
T_2.1 ;
    %movi 8, 1, 2;
    %set/v v0x8ac8d0_0, 8, 2;
    %jmp T_2.6;
T_2.2 ;
    %movi 8, 3, 3;
    %set/v v0x8ac8d0_0, 8, 2;
    %jmp T_2.6;
T_2.3 ;
    %load/v 8, v0x8ac6a0_0, 15;
    %mov 23, 0, 1;
    %cmpi/u 8, 0, 16;
    %jmp/0xz  T_2.11, 4;
    %movi 8, 4, 4;
    %set/v v0x8ac8d0_0, 8, 2;
    %jmp T_2.12;
T_2.11 ;
    %movi 8, 3, 3;
    %set/v v0x8ac8d0_0, 8, 2;
T_2.12 ;
    %jmp T_2.6;
T_2.4 ;
    %movi 8, 5, 4;
    %set/v v0x8ac8d0_0, 8, 2;
    %jmp T_2.6;
T_2.5 ;
    %load/v 8, v0x8ac6a0_0, 15;
    %mov 23, 0, 1;
    %cmpi/u 8, 0, 16;
    %jmp/0xz  T_2.13, 4;
    %set/v v0x8ac8d0_0, 0, 2;
    %jmp T_2.14;
T_2.13 ;
    %movi 8, 5, 4;
    %set/v v0x8ac8d0_0, 8, 2;
T_2.14 ;
    %jmp T_2.6;
T_2.6 ;
    %load/v 8, v0x8ac8d0_0, 2;
    %set/v v0x884e00_0, 8, 2;
    %jmp T_2;
    .thread T_2, $push;
# The file index is used to find the file name in the following table.
:file_names 3;
    "N/A";
    "<interactive>";
    "semaforo.v";
